<?xml version="1.0" encoding="UTF-8"?>
<!-- Generated by org.testng.reporters.JUnitReportReporter -->
<testsuite hostname="LAPTOP-SSKFI1SS" failures="0" tests="4" name="testClasses.TestClass" time="12.066" errors="0" timestamp="15 Oct 2020 21:40:42 GMT" skipped="2">
  <testcase classname="testClasses.TestClass" name="loginVerify" time="12.065"/>
  <testcase classname="testClasses.TestClass" name="regressionTest1" time="0.001"/>
  <testcase classname="testClasses.TestClass" name="regressionTest2">
    <skipped/>
  </testcase> <!-- regressionTest2 -->
  <testcase classname="testClasses.TestClass" name="verifyAboutUSpage">
    <skipped/>
  </testcase> <!-- verifyAboutUSpage -->
</testsuite> <!-- testClasses.TestClass -->
