<?xml version="1.0" encoding="UTF-8"?>
<!-- Generated by org.testng.reporters.JUnitReportReporter -->
<testsuite hostname="LAPTOP-SSKFI1SS" failures="0" tests="2" name="testClasses.TestClass" time="15.338" errors="0" timestamp="15 Oct 2020 18:55:20 GMT" skipped="0">
  <testcase classname="testClasses.TestClass" name="loginVerify" time="12.108"/>
  <testcase classname="testClasses.TestClass" name="verifyAboutUSpage" time="3.230"/>
</testsuite> <!-- testClasses.TestClass -->
