<?xml version="1.0" encoding="UTF-8"?>
<!-- Generated by org.testng.reporters.JUnitReportReporter -->
<testsuite hostname="LAPTOP-SSKFI1SS" failures="0" tests="2" name="testClasses.TestClass" time="15.102" errors="0" timestamp="25 Nov 2020 19:30:36 GMT" skipped="0">
  <testcase classname="testClasses.TestClass" name="loginVerify" time="11.782"/>
  <testcase classname="testClasses.TestClass" name="verifyAboutUSpage" time="3.320"/>
</testsuite> <!-- testClasses.TestClass -->
